<?xml version="1.0" encoding="UTF-8"?>
<!-- Generated by org.testng.reporters.JUnitReportReporter -->
<testsuite hostname="DESKTOP-GVDRRO4" failures="0" tests="1" name="BaseClass.Baseclass" time="14.024" errors="0" timestamp="2023-08-07T12:15:14 IST" skipped="0">
  <testcase classname="BaseClass.Baseclass" name="lounchingBrowser" time="14.024"/>
</testsuite> <!-- BaseClass.Baseclass -->
